<?xml version="1.0" encoding="UTF-8"?>
<!-- Generated by org.testng.reporters.JUnitReportReporter -->
<testsuite hostname="LAPTOP-ER1I82SI" failures="0" tests="1" name="testsuites.TestCase_CreateIndividualsErrorValidation" time="15.297" errors="0" timestamp="2023-07-12T22:41:03 IST" skipped="0">
  <testcase classname="testsuites.TestCase_CreateIndividualsErrorValidation" name="CreateIndividualsErrorValidationMethod" time="15.297"/>
</testsuite> <!-- testsuites.TestCase_CreateIndividualsErrorValidation -->
