<?xml version="1.0" encoding="UTF-8"?>
<!-- Generated by org.testng.reporters.JUnitReportReporter -->
<testsuite hostname="LAPTOP-ER1I82SI" failures="0" tests="1" name="testsuites.Testcase_OpportunityErrorValidationChain" time="17.786" errors="0" timestamp="2023-07-12T22:41:03 IST" skipped="0">
  <testcase classname="testsuites.Testcase_OpportunityErrorValidationChain" name="OpportunityErrorValidationMethod" time="17.786"/>
</testsuite> <!-- testsuites.Testcase_OpportunityErrorValidationChain -->
